[0.030s] Invoking command in '/home/aayush/build/arduinobot_cpp': CMAKE_PREFIX_PATH=/opt/ros/humble /usr/bin/cmake --build /home/aayush/build/arduinobot_cpp -- -j16 -l16
[0.171s] Invoked command in '/home/aayush/build/arduinobot_cpp' returned '0': CMAKE_PREFIX_PATH=/opt/ros/humble /usr/bin/cmake --build /home/aayush/build/arduinobot_cpp -- -j16 -l16
[0.195s] Invoking command in '/home/aayush/build/arduinobot_cpp': CMAKE_PREFIX_PATH=/opt/ros/humble /usr/bin/cmake --install /home/aayush/build/arduinobot_cpp
[0.203s] -- Install configuration: ""
[0.203s] -- Up-to-date: /home/aayush/install/arduinobot_cpp/share/ament_index/resource_index/package_run_dependencies/arduinobot_cpp
[0.203s] -- Up-to-date: /home/aayush/install/arduinobot_cpp/share/ament_index/resource_index/parent_prefix_path/arduinobot_cpp
[0.203s] -- Up-to-date: /home/aayush/install/arduinobot_cpp/share/arduinobot_cpp/environment/ament_prefix_path.sh
[0.203s] -- Up-to-date: /home/aayush/install/arduinobot_cpp/share/arduinobot_cpp/environment/ament_prefix_path.dsv
[0.203s] -- Up-to-date: /home/aayush/install/arduinobot_cpp/share/arduinobot_cpp/environment/path.sh
[0.204s] -- Up-to-date: /home/aayush/install/arduinobot_cpp/share/arduinobot_cpp/environment/path.dsv
[0.204s] -- Up-to-date: /home/aayush/install/arduinobot_cpp/share/arduinobot_cpp/local_setup.bash
[0.204s] -- Up-to-date: /home/aayush/install/arduinobot_cpp/share/arduinobot_cpp/local_setup.sh
[0.204s] -- Up-to-date: /home/aayush/install/arduinobot_cpp/share/arduinobot_cpp/local_setup.zsh
[0.204s] -- Up-to-date: /home/aayush/install/arduinobot_cpp/share/arduinobot_cpp/local_setup.dsv
[0.204s] -- Up-to-date: /home/aayush/install/arduinobot_cpp/share/arduinobot_cpp/package.dsv
[0.204s] -- Up-to-date: /home/aayush/install/arduinobot_cpp/share/ament_index/resource_index/packages/arduinobot_cpp
[0.204s] -- Up-to-date: /home/aayush/install/arduinobot_cpp/share/arduinobot_cpp/cmake/arduinobot_cppConfig.cmake
[0.204s] -- Up-to-date: /home/aayush/install/arduinobot_cpp/share/arduinobot_cpp/cmake/arduinobot_cppConfig-version.cmake
[0.204s] -- Up-to-date: /home/aayush/install/arduinobot_cpp/share/arduinobot_cpp/package.xml
[0.205s] Invoked command in '/home/aayush/build/arduinobot_cpp' returned '0': CMAKE_PREFIX_PATH=/opt/ros/humble /usr/bin/cmake --install /home/aayush/build/arduinobot_cpp
