running egg_info
writing ../../../build/arduinobot_examples/arduinobot_examples.egg-info/PKG-INFO
writing dependency_links to ../../../build/arduinobot_examples/arduinobot_examples.egg-info/dependency_links.txt
writing entry points to ../../../build/arduinobot_examples/arduinobot_examples.egg-info/entry_points.txt
writing requirements to ../../../build/arduinobot_examples/arduinobot_examples.egg-info/requires.txt
writing top-level names to ../../../build/arduinobot_examples/arduinobot_examples.egg-info/top_level.txt
reading manifest file '../../../build/arduinobot_examples/arduinobot_examples.egg-info/SOURCES.txt'
writing manifest file '../../../build/arduinobot_examples/arduinobot_examples.egg-info/SOURCES.txt'
running build
running build_py
copying arduinobot_examples/simple_publisher.py -> /home/aayush/build/arduinobot_examples/build/lib/arduinobot_examples
running install
running install_lib
copying /home/aayush/build/arduinobot_examples/build/lib/arduinobot_examples/simple_publisher.py -> /home/aayush/install/arduinobot_examples/lib/python3.10/site-packages/arduinobot_examples
byte-compiling /home/aayush/install/arduinobot_examples/lib/python3.10/site-packages/arduinobot_examples/simple_publisher.py to simple_publisher.cpython-310.pyc
running install_data
running install_egg_info
removing '/home/aayush/install/arduinobot_examples/lib/python3.10/site-packages/arduinobot_examples-0.0.0-py3.10.egg-info' (and everything under it)
Copying ../../../build/arduinobot_examples/arduinobot_examples.egg-info to /home/aayush/install/arduinobot_examples/lib/python3.10/site-packages/arduinobot_examples-0.0.0-py3.10.egg-info
running install_scripts
Installing simple_publisher script to /home/aayush/install/arduinobot_examples/lib/arduinobot_examples
Installing simple_subscriber script to /home/aayush/install/arduinobot_examples/lib/arduinobot_examples
writing list of installed files to '/home/aayush/build/arduinobot_examples/install.log'
