[0.338s] Invoking command in '/home/aayush/arduinobot_ws/src/arduinobot_examples': PYTHONPATH=/home/aayush/build/arduinobot_examples/prefix_override:/usr/lib/python3/dist-packages/colcon_core/task/python/colcon_distutils_commands:/home/aayush/install/arduinobot_examples/lib/python3.10/site-packages:${PYTHONPATH} /usr/bin/python3 -W ignore:setup.py install is deprecated setup.py egg_info --egg-base ../../../build/arduinobot_examples build --build-base /home/aayush/build/arduinobot_examples/build install --record /home/aayush/build/arduinobot_examples/install.log --single-version-externally-managed install_data
[0.456s] running egg_info
[0.456s] writing ../../../build/arduinobot_examples/arduinobot_examples.egg-info/PKG-INFO
[0.456s] writing dependency_links to ../../../build/arduinobot_examples/arduinobot_examples.egg-info/dependency_links.txt
[0.457s] writing entry points to ../../../build/arduinobot_examples/arduinobot_examples.egg-info/entry_points.txt
[0.457s] writing requirements to ../../../build/arduinobot_examples/arduinobot_examples.egg-info/requires.txt
[0.457s] writing top-level names to ../../../build/arduinobot_examples/arduinobot_examples.egg-info/top_level.txt
[0.458s] reading manifest file '../../../build/arduinobot_examples/arduinobot_examples.egg-info/SOURCES.txt'
[0.459s] writing manifest file '../../../build/arduinobot_examples/arduinobot_examples.egg-info/SOURCES.txt'
[0.459s] running build
[0.459s] running build_py
[0.459s] copying arduinobot_examples/simple_publisher.py -> /home/aayush/build/arduinobot_examples/build/lib/arduinobot_examples
[0.459s] running install
[0.459s] running install_lib
[0.460s] copying /home/aayush/build/arduinobot_examples/build/lib/arduinobot_examples/simple_publisher.py -> /home/aayush/install/arduinobot_examples/lib/python3.10/site-packages/arduinobot_examples
[0.460s] byte-compiling /home/aayush/install/arduinobot_examples/lib/python3.10/site-packages/arduinobot_examples/simple_publisher.py to simple_publisher.cpython-310.pyc
[0.460s] running install_data
[0.461s] running install_egg_info
[0.461s] removing '/home/aayush/install/arduinobot_examples/lib/python3.10/site-packages/arduinobot_examples-0.0.0-py3.10.egg-info' (and everything under it)
[0.461s] Copying ../../../build/arduinobot_examples/arduinobot_examples.egg-info to /home/aayush/install/arduinobot_examples/lib/python3.10/site-packages/arduinobot_examples-0.0.0-py3.10.egg-info
[0.462s] running install_scripts
[0.473s] Installing simple_publisher script to /home/aayush/install/arduinobot_examples/lib/arduinobot_examples
[0.473s] Installing simple_subscriber script to /home/aayush/install/arduinobot_examples/lib/arduinobot_examples
[0.474s] writing list of installed files to '/home/aayush/build/arduinobot_examples/install.log'
[0.487s] Invoked command in '/home/aayush/arduinobot_ws/src/arduinobot_examples' returned '0': PYTHONPATH=/home/aayush/build/arduinobot_examples/prefix_override:/usr/lib/python3/dist-packages/colcon_core/task/python/colcon_distutils_commands:/home/aayush/install/arduinobot_examples/lib/python3.10/site-packages:${PYTHONPATH} /usr/bin/python3 -W ignore:setup.py install is deprecated setup.py egg_info --egg-base ../../../build/arduinobot_examples build --build-base /home/aayush/build/arduinobot_examples/build install --record /home/aayush/build/arduinobot_examples/install.log --single-version-externally-managed install_data
