[0.145s] Invoking command in '/home/aayush/build/simple_pkg': CMAKE_PREFIX_PATH=/opt/ros/humble /usr/bin/cmake /home/aayush/ros2_46_ws/src/simple_pkg -DCMAKE_INSTALL_PREFIX=/home/aayush/install/simple_pkg
[0.183s] -- The C compiler identification is GNU 11.4.0
[0.223s] -- The CXX compiler identification is GNU 11.4.0
[0.229s] -- Detecting C compiler ABI info
[0.280s] -- Detecting C compiler ABI info - done
[0.284s] -- Check for working C compiler: /usr/bin/cc - skipped
[0.285s] -- Detecting C compile features
[0.285s] -- Detecting C compile features - done
[0.287s] -- Detecting CXX compiler ABI info
[0.347s] -- Detecting CXX compiler ABI info - done
[0.351s] -- Check for working CXX compiler: /usr/bin/c++ - skipped
[0.351s] -- Detecting CXX compile features
[0.352s] -- Detecting CXX compile features - done
[0.353s] -- Found ament_cmake: 1.3.10 (/opt/ros/humble/share/ament_cmake/cmake)
[0.447s] -- Found Python3: /usr/bin/python3 (found version "3.10.12") found components: Interpreter 
[0.501s] -- Found ament_lint_auto: 0.12.11 (/opt/ros/humble/share/ament_lint_auto/cmake)
[0.543s] -- Added test 'flake8' to check Python code syntax and style conventions
[0.543s] -- Added test 'lint_cmake' to check CMake code style
[0.544s] -- Added test 'pep257' to check Python code against some of the docstring style conventions in PEP 257
[0.544s] -- Added test 'xmllint' to check XML markup files
[0.545s] -- Configuring done
[0.546s] -- Generating done
[0.547s] -- Build files have been written to: /home/aayush/build/simple_pkg
[0.550s] Invoked command in '/home/aayush/build/simple_pkg' returned '0': CMAKE_PREFIX_PATH=/opt/ros/humble /usr/bin/cmake /home/aayush/ros2_46_ws/src/simple_pkg -DCMAKE_INSTALL_PREFIX=/home/aayush/install/simple_pkg
[0.551s] Invoking command in '/home/aayush/build/simple_pkg': CMAKE_PREFIX_PATH=/opt/ros/humble /usr/bin/cmake --build /home/aayush/build/simple_pkg -- -j16 -l16
[0.581s] Invoked command in '/home/aayush/build/simple_pkg' returned '0': CMAKE_PREFIX_PATH=/opt/ros/humble /usr/bin/cmake --build /home/aayush/build/simple_pkg -- -j16 -l16
[0.603s] Invoking command in '/home/aayush/build/simple_pkg': CMAKE_PREFIX_PATH=/opt/ros/humble /usr/bin/cmake --install /home/aayush/build/simple_pkg
[0.607s] -- Install configuration: ""
[0.608s] -- Installing: /home/aayush/install/simple_pkg/lib/simple_pkg/pub.py
[0.608s] -- Installing: /home/aayush/install/simple_pkg/lib/simple_pkg/sub.py
[0.608s] -- Installing: /home/aayush/install/simple_pkg/share/ament_index/resource_index/package_run_dependencies/simple_pkg
[0.608s] -- Installing: /home/aayush/install/simple_pkg/share/ament_index/resource_index/parent_prefix_path/simple_pkg
[0.608s] -- Installing: /home/aayush/install/simple_pkg/share/simple_pkg/environment/ament_prefix_path.sh
[0.608s] -- Installing: /home/aayush/install/simple_pkg/share/simple_pkg/environment/ament_prefix_path.dsv
[0.608s] -- Installing: /home/aayush/install/simple_pkg/share/simple_pkg/environment/path.sh
[0.608s] -- Installing: /home/aayush/install/simple_pkg/share/simple_pkg/environment/path.dsv
[0.608s] -- Installing: /home/aayush/install/simple_pkg/share/simple_pkg/local_setup.bash
[0.608s] -- Installing: /home/aayush/install/simple_pkg/share/simple_pkg/local_setup.sh
[0.609s] -- Installing: /home/aayush/install/simple_pkg/share/simple_pkg/local_setup.zsh
[0.609s] -- Installing: /home/aayush/install/simple_pkg/share/simple_pkg/local_setup.dsv
[0.609s] -- Installing: /home/aayush/install/simple_pkg/share/simple_pkg/package.dsv
[0.609s] -- Installing: /home/aayush/install/simple_pkg/share/ament_index/resource_index/packages/simple_pkg
[0.609s] -- Installing: /home/aayush/install/simple_pkg/share/simple_pkg/cmake/simple_pkgConfig.cmake
[0.609s] -- Installing: /home/aayush/install/simple_pkg/share/simple_pkg/cmake/simple_pkgConfig-version.cmake
[0.609s] -- Installing: /home/aayush/install/simple_pkg/share/simple_pkg/package.xml
[0.610s] Invoked command in '/home/aayush/build/simple_pkg' returned '0': CMAKE_PREFIX_PATH=/opt/ros/humble /usr/bin/cmake --install /home/aayush/build/simple_pkg
