running egg_info
creating ../../../build/arduinobot_examples/arduinobot_examples.egg-info
writing ../../../build/arduinobot_examples/arduinobot_examples.egg-info/PKG-INFO
writing dependency_links to ../../../build/arduinobot_examples/arduinobot_examples.egg-info/dependency_links.txt
writing entry points to ../../../build/arduinobot_examples/arduinobot_examples.egg-info/entry_points.txt
writing requirements to ../../../build/arduinobot_examples/arduinobot_examples.egg-info/requires.txt
writing top-level names to ../../../build/arduinobot_examples/arduinobot_examples.egg-info/top_level.txt
writing manifest file '../../../build/arduinobot_examples/arduinobot_examples.egg-info/SOURCES.txt'
reading manifest file '../../../build/arduinobot_examples/arduinobot_examples.egg-info/SOURCES.txt'
writing manifest file '../../../build/arduinobot_examples/arduinobot_examples.egg-info/SOURCES.txt'
running build
running build_py
creating /home/aayush/build/arduinobot_examples/build
creating /home/aayush/build/arduinobot_examples/build/lib
creating /home/aayush/build/arduinobot_examples/build/lib/arduinobot_examples
copying arduinobot_examples/simple_publisher.py -> /home/aayush/build/arduinobot_examples/build/lib/arduinobot_examples
copying arduinobot_examples/__init__.py -> /home/aayush/build/arduinobot_examples/build/lib/arduinobot_examples
copying arduinobot_examples/simple_subscriber.py -> /home/aayush/build/arduinobot_examples/build/lib/arduinobot_examples
running install
running install_lib
creating /home/aayush/install/arduinobot_examples/lib/python3.10/site-packages/arduinobot_examples
copying /home/aayush/build/arduinobot_examples/build/lib/arduinobot_examples/simple_publisher.py -> /home/aayush/install/arduinobot_examples/lib/python3.10/site-packages/arduinobot_examples
copying /home/aayush/build/arduinobot_examples/build/lib/arduinobot_examples/__init__.py -> /home/aayush/install/arduinobot_examples/lib/python3.10/site-packages/arduinobot_examples
copying /home/aayush/build/arduinobot_examples/build/lib/arduinobot_examples/simple_subscriber.py -> /home/aayush/install/arduinobot_examples/lib/python3.10/site-packages/arduinobot_examples
byte-compiling /home/aayush/install/arduinobot_examples/lib/python3.10/site-packages/arduinobot_examples/simple_publisher.py to simple_publisher.cpython-310.pyc
byte-compiling /home/aayush/install/arduinobot_examples/lib/python3.10/site-packages/arduinobot_examples/__init__.py to __init__.cpython-310.pyc
byte-compiling /home/aayush/install/arduinobot_examples/lib/python3.10/site-packages/arduinobot_examples/simple_subscriber.py to simple_subscriber.cpython-310.pyc
running install_data
creating /home/aayush/install/arduinobot_examples/share/ament_index
creating /home/aayush/install/arduinobot_examples/share/ament_index/resource_index
creating /home/aayush/install/arduinobot_examples/share/ament_index/resource_index/packages
copying resource/arduinobot_examples -> /home/aayush/install/arduinobot_examples/share/ament_index/resource_index/packages
copying package.xml -> /home/aayush/install/arduinobot_examples/share/arduinobot_examples
running install_egg_info
Copying ../../../build/arduinobot_examples/arduinobot_examples.egg-info to /home/aayush/install/arduinobot_examples/lib/python3.10/site-packages/arduinobot_examples-0.0.0-py3.10.egg-info
running install_scripts
Installing simple_publisher script to /home/aayush/install/arduinobot_examples/lib/arduinobot_examples
Installing simple_subscriber script to /home/aayush/install/arduinobot_examples/lib/arduinobot_examples
writing list of installed files to '/home/aayush/build/arduinobot_examples/install.log'
