[0.331s] Invoking command in '/home/aayush/arduinobot_ws/src/arduinobot_examples': PYTHONPATH=/home/aayush/build/arduinobot_examples/prefix_override:/usr/lib/python3/dist-packages/colcon_core/task/python/colcon_distutils_commands:/home/aayush/install/arduinobot_examples/lib/python3.10/site-packages:${PYTHONPATH} /usr/bin/python3 -W ignore:setup.py install is deprecated setup.py egg_info --egg-base ../../../build/arduinobot_examples build --build-base /home/aayush/build/arduinobot_examples/build install --record /home/aayush/build/arduinobot_examples/install.log --single-version-externally-managed install_data
[0.458s] running egg_info
[0.458s] creating ../../../build/arduinobot_examples/arduinobot_examples.egg-info
[0.458s] writing ../../../build/arduinobot_examples/arduinobot_examples.egg-info/PKG-INFO
[0.458s] writing dependency_links to ../../../build/arduinobot_examples/arduinobot_examples.egg-info/dependency_links.txt
[0.458s] writing entry points to ../../../build/arduinobot_examples/arduinobot_examples.egg-info/entry_points.txt
[0.458s] writing requirements to ../../../build/arduinobot_examples/arduinobot_examples.egg-info/requires.txt
[0.459s] writing top-level names to ../../../build/arduinobot_examples/arduinobot_examples.egg-info/top_level.txt
[0.459s] writing manifest file '../../../build/arduinobot_examples/arduinobot_examples.egg-info/SOURCES.txt'
[0.459s] reading manifest file '../../../build/arduinobot_examples/arduinobot_examples.egg-info/SOURCES.txt'
[0.460s] writing manifest file '../../../build/arduinobot_examples/arduinobot_examples.egg-info/SOURCES.txt'
[0.460s] running build
[0.460s] running build_py
[0.460s] creating /home/aayush/build/arduinobot_examples/build
[0.460s] creating /home/aayush/build/arduinobot_examples/build/lib
[0.460s] creating /home/aayush/build/arduinobot_examples/build/lib/arduinobot_examples
[0.460s] copying arduinobot_examples/simple_publisher.py -> /home/aayush/build/arduinobot_examples/build/lib/arduinobot_examples
[0.460s] copying arduinobot_examples/__init__.py -> /home/aayush/build/arduinobot_examples/build/lib/arduinobot_examples
[0.460s] copying arduinobot_examples/simple_subscriber.py -> /home/aayush/build/arduinobot_examples/build/lib/arduinobot_examples
[0.460s] running install
[0.460s] running install_lib
[0.461s] creating /home/aayush/install/arduinobot_examples/lib/python3.10/site-packages/arduinobot_examples
[0.461s] copying /home/aayush/build/arduinobot_examples/build/lib/arduinobot_examples/simple_publisher.py -> /home/aayush/install/arduinobot_examples/lib/python3.10/site-packages/arduinobot_examples
[0.461s] copying /home/aayush/build/arduinobot_examples/build/lib/arduinobot_examples/__init__.py -> /home/aayush/install/arduinobot_examples/lib/python3.10/site-packages/arduinobot_examples
[0.461s] copying /home/aayush/build/arduinobot_examples/build/lib/arduinobot_examples/simple_subscriber.py -> /home/aayush/install/arduinobot_examples/lib/python3.10/site-packages/arduinobot_examples
[0.461s] byte-compiling /home/aayush/install/arduinobot_examples/lib/python3.10/site-packages/arduinobot_examples/simple_publisher.py to simple_publisher.cpython-310.pyc
[0.461s] byte-compiling /home/aayush/install/arduinobot_examples/lib/python3.10/site-packages/arduinobot_examples/__init__.py to __init__.cpython-310.pyc
[0.461s] byte-compiling /home/aayush/install/arduinobot_examples/lib/python3.10/site-packages/arduinobot_examples/simple_subscriber.py to simple_subscriber.cpython-310.pyc
[0.462s] running install_data
[0.462s] creating /home/aayush/install/arduinobot_examples/share/ament_index
[0.462s] creating /home/aayush/install/arduinobot_examples/share/ament_index/resource_index
[0.462s] creating /home/aayush/install/arduinobot_examples/share/ament_index/resource_index/packages
[0.462s] copying resource/arduinobot_examples -> /home/aayush/install/arduinobot_examples/share/ament_index/resource_index/packages
[0.462s] copying package.xml -> /home/aayush/install/arduinobot_examples/share/arduinobot_examples
[0.462s] running install_egg_info
[0.463s] Copying ../../../build/arduinobot_examples/arduinobot_examples.egg-info to /home/aayush/install/arduinobot_examples/lib/python3.10/site-packages/arduinobot_examples-0.0.0-py3.10.egg-info
[0.463s] running install_scripts
[0.476s] Installing simple_publisher script to /home/aayush/install/arduinobot_examples/lib/arduinobot_examples
[0.476s] Installing simple_subscriber script to /home/aayush/install/arduinobot_examples/lib/arduinobot_examples
[0.476s] writing list of installed files to '/home/aayush/build/arduinobot_examples/install.log'
[0.495s] Invoked command in '/home/aayush/arduinobot_ws/src/arduinobot_examples' returned '0': PYTHONPATH=/home/aayush/build/arduinobot_examples/prefix_override:/usr/lib/python3/dist-packages/colcon_core/task/python/colcon_distutils_commands:/home/aayush/install/arduinobot_examples/lib/python3.10/site-packages:${PYTHONPATH} /usr/bin/python3 -W ignore:setup.py install is deprecated setup.py egg_info --egg-base ../../../build/arduinobot_examples build --build-base /home/aayush/build/arduinobot_examples/build install --record /home/aayush/build/arduinobot_examples/install.log --single-version-externally-managed install_data
