[0.010s] Invoking command in '/home/aayush/build/arduinobot_cpp': CMAKE_PREFIX_PATH=/opt/ros/humble /usr/bin/cmake /home/aayush/arduinobot_ws/src/arduinobot_cpp -DCMAKE_INSTALL_PREFIX=/home/aayush/install/arduinobot_cpp
[0.149s] -- The C compiler identification is GNU 11.4.0
[0.150s] -- The CXX compiler identification is GNU 11.4.0
[0.150s] -- Detecting C compiler ABI info
[0.166s] -- Detecting C compiler ABI info - done
[0.170s] -- Check for working C compiler: /usr/bin/cc - skipped
[0.170s] -- Detecting C compile features
[0.170s] -- Detecting C compile features - done
[0.172s] -- Detecting CXX compiler ABI info
[0.231s] -- Detecting CXX compiler ABI info - done
[0.235s] -- Check for working CXX compiler: /usr/bin/c++ - skipped
[0.235s] -- Detecting CXX compile features
[0.236s] -- Detecting CXX compile features - done
[0.237s] -- Found ament_cmake: 1.3.10 (/opt/ros/humble/share/ament_cmake/cmake)
[0.333s] -- Found Python3: /usr/bin/python3 (found version "3.10.12") found components: Interpreter 
[0.383s] -- Found ament_lint_auto: 0.12.11 (/opt/ros/humble/share/ament_lint_auto/cmake)
[0.429s] -- Added test 'lint_cmake' to check CMake code style
[0.430s] -- Added test 'xmllint' to check XML markup files
[0.430s] -- Configuring done
[0.432s] -- Generating done
[0.433s] -- Build files have been written to: /home/aayush/build/arduinobot_cpp
[0.438s] Invoked command in '/home/aayush/build/arduinobot_cpp' returned '0': CMAKE_PREFIX_PATH=/opt/ros/humble /usr/bin/cmake /home/aayush/arduinobot_ws/src/arduinobot_cpp -DCMAKE_INSTALL_PREFIX=/home/aayush/install/arduinobot_cpp
[0.440s] Invoking command in '/home/aayush/build/arduinobot_cpp': CMAKE_PREFIX_PATH=/opt/ros/humble /usr/bin/cmake --build /home/aayush/build/arduinobot_cpp -- -j16 -l16
[0.471s] Invoked command in '/home/aayush/build/arduinobot_cpp' returned '0': CMAKE_PREFIX_PATH=/opt/ros/humble /usr/bin/cmake --build /home/aayush/build/arduinobot_cpp -- -j16 -l16
[0.496s] Invoking command in '/home/aayush/build/arduinobot_cpp': CMAKE_PREFIX_PATH=/opt/ros/humble /usr/bin/cmake --install /home/aayush/build/arduinobot_cpp
[0.504s] -- Install configuration: ""
[0.504s] -- Installing: /home/aayush/install/arduinobot_cpp/share/ament_index/resource_index/package_run_dependencies/arduinobot_cpp
[0.505s] -- Installing: /home/aayush/install/arduinobot_cpp/share/ament_index/resource_index/parent_prefix_path/arduinobot_cpp
[0.505s] -- Installing: /home/aayush/install/arduinobot_cpp/share/arduinobot_cpp/environment/ament_prefix_path.sh
[0.505s] -- Installing: /home/aayush/install/arduinobot_cpp/share/arduinobot_cpp/environment/ament_prefix_path.dsv
[0.505s] -- Installing: /home/aayush/install/arduinobot_cpp/share/arduinobot_cpp/environment/path.sh
[0.506s] -- Installing: /home/aayush/install/arduinobot_cpp/share/arduinobot_cpp/environment/path.dsv
[0.506s] -- Installing: /home/aayush/install/arduinobot_cpp/share/arduinobot_cpp/local_setup.bash
[0.506s] -- Installing: /home/aayush/install/arduinobot_cpp/share/arduinobot_cpp/local_setup.sh
[0.506s] -- Installing: /home/aayush/install/arduinobot_cpp/share/arduinobot_cpp/local_setup.zsh
[0.506s] -- Installing: /home/aayush/install/arduinobot_cpp/share/arduinobot_cpp/local_setup.dsv
[0.506s] -- Installing: /home/aayush/install/arduinobot_cpp/share/arduinobot_cpp/package.dsv
[0.506s] -- Installing: /home/aayush/install/arduinobot_cpp/share/ament_index/resource_index/packages/arduinobot_cpp
[0.506s] -- Installing: /home/aayush/install/arduinobot_cpp/share/arduinobot_cpp/cmake/arduinobot_cppConfig.cmake
[0.506s] -- Installing: /home/aayush/install/arduinobot_cpp/share/arduinobot_cpp/cmake/arduinobot_cppConfig-version.cmake
[0.506s] -- Installing: /home/aayush/install/arduinobot_cpp/share/arduinobot_cpp/package.xml
[0.508s] Invoked command in '/home/aayush/build/arduinobot_cpp' returned '0': CMAKE_PREFIX_PATH=/opt/ros/humble /usr/bin/cmake --install /home/aayush/build/arduinobot_cpp
